2026-01-15T23:31:56.444555980Z 2026-01-15T23:31:56.444Z DEBUG 98 --- [auth-service] [nio-8090-exec-9] o.s.security.web.FilterChainProxy        : Securing GET /actuator/health
2026-01-15T23:31:56.445046221Z 2026-01-15T23:31:56.444Z DEBUG 98 --- [auth-service] [nio-8090-exec-9] o.s.s.w.a.AnonymousAuthenticationFilter  : Set SecurityContextHolder to anonymous SecurityContext
2026-01-15T23:31:56.445291212Z 2026-01-15T23:31:56.445Z DEBUG 98 --- [auth-service] [nio-8090-exec-9] o.s.security.web.FilterChainProxy        : Secured GET /actuator/health
2026-01-15T23:31:56.445464690Z 2026-01-15T23:31:56.445Z DEBUG 98 --- [auth-service] [nio-8090-exec-9] o.s.web.servlet.DispatcherServlet        : GET "/actuator/health", parameters={}
2026-01-15T23:31:56.445652117Z 2026-01-15T23:31:56.445Z DEBUG 98 --- [auth-service] [nio-8090-exec-9] s.b.a.e.w.s.WebMvcEndpointHandlerMapping : Mapped to Actuator web endpoint 'health'
2026-01-15T23:31:56.446152453Z 2026-01-15T23:31:56.445Z DEBUG 98 --- [auth-service] [nio-8090-exec-9] m.m.a.RequestResponseBodyMethodProcessor : Read "application/octet-stream" to []
2026-01-15T23:31:56.447467164Z 2026-01-15T23:31:56.447Z DEBUG 98 --- [auth-service] [nio-8090-exec-9] o.s.jdbc.datasource.DataSourceUtils      : Fetching JDBC Connection from DataSource
2026-01-15T23:31:56.448037383Z 2026-01-15T23:31:56.447Z DEBUG 98 --- [auth-service] [nio-8090-exec-9] o.s.jdbc.datasource.DataSourceUtils      : Fetching JDBC Connection from DataSource
2026-01-15T23:31:56.449375909Z 2026-01-15T23:31:56.449Z DEBUG 98 --- [auth-service] [nio-8090-exec-9] o.s.w.s.m.m.a.HttpEntityMethodProcessor  : Using 'application/vnd.spring-boot.actuator.v3+json', given [*/*] and supported [application/vnd.spring-boot.actuator.v3+json, application/vnd.spring-boot.actuator.v2+json, application/json]
2026-01-15T23:31:56.449470484Z 2026-01-15T23:31:56.449Z DEBUG 98 --- [auth-service] [nio-8090-exec-9] o.s.w.s.m.m.a.HttpEntityMethodProcessor  : Writing [org.springframework.boot.actuate.health.SystemHealth@8fef4a3]
2026-01-15T23:31:56.450292352Z 2026-01-15T23:31:56.450Z DEBUG 98 --- [auth-service] [nio-8090-exec-9] o.s.web.servlet.DispatcherServlet        : Completed 200 OK
2026-01-15T23:31:57.396561328Z 2026-01-15T23:31:57.396Z DEBUG 98 --- [auth-service] [nio-8090-exec-1] o.s.security.web.FilterChainProxy        : Securing POST /api/auth/register
2026-01-15T23:31:57.397553068Z 2026-01-15T23:31:57.397Z DEBUG 98 --- [auth-service] [nio-8090-exec-1] o.s.s.w.a.AnonymousAuthenticationFilter  : Set SecurityContextHolder to anonymous SecurityContext
2026-01-15T23:31:57.398681294Z 2026-01-15T23:31:57.398Z DEBUG 98 --- [auth-service] [nio-8090-exec-1] o.s.security.web.FilterChainProxy        : Secured POST /api/auth/register
2026-01-15T23:31:57.399349648Z 2026-01-15T23:31:57.398Z DEBUG 98 --- [auth-service] [nio-8090-exec-1] o.s.web.servlet.DispatcherServlet        : POST "/auth/api/auth/register", parameters={}
2026-01-15T23:31:57.399794409Z 2026-01-15T23:31:57.399Z DEBUG 98 --- [auth-service] [nio-8090-exec-1] s.w.s.m.m.a.RequestMappingHandlerMapping : Mapped to com.example.authservice.auth.AuthController#register(RegisterRequest)
2026-01-15T23:31:57.409720159Z 2026-01-15T23:31:57.409Z DEBUG 98 --- [auth-service] [nio-8090-exec-1] m.m.a.RequestResponseBodyMethodProcessor : Read "application/json;charset=UTF-8" to [com.example.authservice.dto.RegisterRequest@63ecd35f]
2026-01-15T23:31:58.023114696Z 2026-01-15T23:31:58.022Z DEBUG 98 --- [auth-service] [nio-8090-exec-1] o.s.beans.CachedIntrospectionResults     : Not strongly caching class [com.example.authservice.dto.RegisterRequest] because it is not cache-safe
2026-01-15T23:31:58.036796696Z 2026-01-15T23:31:58.036Z  WARN 98 --- [auth-service] [nio-8090-exec-1] .w.s.m.s.DefaultHandlerExceptionResolver : Resolved [org.springframework.web.bind.MethodArgumentNotValidException: Validation failed for argument [0] in public org.springframework.http.ResponseEntity<com.example.authservice.dto.AuthResponse> com.example.authservice.auth.AuthController.register(com.example.authservice.dto.RegisterRequest): [Field error in object 'registerRequest' on field 'email': rejected value [string]; codes [Email.registerRequest.email,Email.email,Email.java.lang.String,Email]; arguments [org.springframework.context.support.DefaultMessageSourceResolvable: codes [registerRequest.email,email]; arguments []; default message [email],[Ljakarta.validation.constraints.Pattern$Flag;@1928fb32,.*]; default message [must be a well-formed email address]] ]
2026-01-15T23:31:58.037002795Z 2026-01-15T23:31:58.036Z DEBUG 98 --- [auth-service] [nio-8090-exec-1] o.s.web.servlet.DispatcherServlet        : Completed 400 BAD_REQUEST
2026-01-15T23:31:58.068382334Z 2026-01-15T23:31:58.068Z DEBUG 98 --- [auth-service] [nio-8090-exec-1] o.s.security.web.FilterChainProxy        : Securing POST /error
2026-01-15T23:31:58.069051870Z 2026-01-15T23:31:58.068Z DEBUG 98 --- [auth-service] [nio-8090-exec-1] o.s.security.web.FilterChainProxy        : Secured POST /error
2026-01-15T23:31:58.069702316Z 2026-01-15T23:31:58.069Z DEBUG 98 --- [auth-service] [nio-8090-exec-1] o.s.web.servlet.DispatcherServlet        : "ERROR" dispatch for POST "/auth/error", parameters={}
2026-01-15T23:31:58.070178640Z 2026-01-15T23:31:58.069Z DEBUG 98 --- [auth-service] [nio-8090-exec-1] s.w.s.m.m.a.RequestMappingHandlerMapping : Mapped to org.springframework.boot.autoconfigure.web.servlet.error.BasicErrorController#error(HttpServletRequest)
2026-01-15T23:31:58.096386902Z 2026-01-15T23:31:58.096Z DEBUG 98 --- [auth-service] [nio-8090-exec-1] o.s.w.s.m.m.a.HttpEntityMethodProcessor  : Using 'application/json', given [*/*] and supported [application/json, application/*+json, application/yaml]
2026-01-15T23:31:58.097543246Z 2026-01-15T23:31:58.097Z DEBUG 98 --- [auth-service] [nio-8090-exec-1] o.s.w.s.m.m.a.HttpEntityMethodProcessor  : Writing [{timestamp=Thu Jan 15 23:31:58 UTC 2026, status=400, error=Bad Request, trace=org.springframework.we (truncated)...]
2026-01-15T23:31:58.146969459Z 2026-01-15T23:31:58.146Z DEBUG 98 --- [auth-service] [nio-8090-exec-1] o.s.web.servlet.DispatcherServlet        : Exiting from "ERROR" dispatch, status 400
2026-01-15T23:31:58.147049047Z 2026-01-15T23:31:58.146Z DEBUG 98 --- [auth-service] [nio-8090-exec-1] o.s.s.w.a.AnonymousAuthenticationFilter  : Set SecurityContextHolder to anonymous SecurityContext
2026-01-15T23:32:01.506363604Z 2026-01-15T23:32:01.506Z DEBUG 98 --- [auth-service] [nio-8090-exec-3] o.s.security.web.FilterChainProxy        : Securing GET /actuator/health
2026-01-15T23:32:01.506886221Z 2026-01-15T23:32:01.506Z DEBUG 98 --- [auth-service] [nio-8090-exec-3] o.s.s.w.a.AnonymousAuthenticationFilter  : Set SecurityContextHolder to anonymous SecurityContext
2026-01-15T23:32:01.507082508Z 2026-01-15T23:32:01.506Z DEBUG 98 --- [auth-service] [nio-8090-exec-3] o.s.security.web.FilterChainProxy        : Secured GET /actuator/health
2026-01-15T23:32:01.507201319Z 2026-01-15T23:32:01.507Z DEBUG 98 --- [auth-service] [nio-8090-exec-3] o.s.web.servlet.DispatcherServlet        : GET "/actuator/health", parameters={}
2026-01-15T23:32:01.507392112Z 2026-01-15T23:32:01.507Z DEBUG 98 --- [auth-service] [nio-8090-exec-3] s.b.a.e.w.s.WebMvcEndpointHandlerMapping : Mapped to Actuator web endpoint 'health'
2026-01-15T23:32:01.507769966Z 2026-01-15T23:32:01.507Z DEBUG 98 --- [auth-service] [nio-8090-exec-3] m.m.a.RequestResponseBodyMethodProcessor : Read "application/octet-stream" to []
2026-01-15T23:32:01.509153947Z 2026-01-15T23:32:01.508Z DEBUG 98 --- [auth-service] [nio-8090-exec-3] o.s.jdbc.datasource.DataSourceUtils      : Fetching JDBC Connection from DataSource
2026-01-15T23:32:01.509465194Z 2026-01-15T23:32:01.509Z DEBUG 98 --- [auth-service] [nio-8090-exec-3] o.s.jdbc.datasource.DataSourceUtils      : Fetching JDBC Connection from DataSource
2026-01-15T23:32:01.510482562Z 2026-01-15T23:32:01.510Z DEBUG 98 --- [auth-service] [nio-8090-exec-3] o.s.w.s.m.m.a.HttpEntityMethodProcessor  : Using 'application/vnd.spring-boot.actuator.v3+json', given [*/*] and supported [application/vnd.spring-boot.actuator.v3+json, application/vnd.spring-boot.actuator.v2+json, application/json]
2026-01-15T23:32:01.510575804Z 2026-01-15T23:32:01.510Z DEBUG 98 --- [auth-service] [nio-8090-exec-3] o.s.w.s.m.m.a.HttpEntityMethodProcessor  : Writing [org.springframework.boot.actuate.health.SystemHealth@27d7f36]
2026-01-15T23:32:01.511377004Z 2026-01-15T23:32:01.511Z DEBUG 98 --- [auth-service] [nio-8090-exec-3] o.s.web.servlet.DispatcherServlet        : Completed 200 OK
2026-01-15T23:32:04.970257838Z 2026-01-15T23:32:04.969Z DEBUG 98 --- [auth-service] [beatExecutor-%d] o.s.web.client.RestTemplate              : HTTP PUT http://service-registry:8761/eureka/apps/AUTH-SERVICE/b4b37c77e54d:auth-service:8090?status=UP&lastDirtyTimestamp=1768519084873
2026-01-15T23:32:04.970627106Z 2026-01-15T23:32:04.970Z DEBUG 98 --- [auth-service] [beatExecutor-%d] o.s.web.client.RestTemplate              : Accept=[application/json, application/yaml, application/*+json]
2026-01-15T23:32:04.971530792Z 2026-01-15T23:32:04.971Z DEBUG 98 --- [auth-service] [reshExecutor-%d] o.s.web.client.RestTemplate              : HTTP GET http://service-registry:8761/eureka/apps/delta
2026-01-15T23:32:04.971790109Z 2026-01-15T23:32:04.971Z DEBUG 98 --- [auth-service] [reshExecutor-%d] o.s.web.client.RestTemplate              : Accept=[application/json, application/yaml, application/*+json]
2026-01-15T23:32:04.974667611Z 2026-01-15T23:32:04.974Z DEBUG 98 --- [auth-service] [reshExecutor-%d] o.s.web.client.RestTemplate              : Response 200 OK
2026-01-15T23:32:04.974721899Z 2026-01-15T23:32:04.974Z DEBUG 98 --- [auth-service] [beatExecutor-%d] o.s.web.client.RestTemplate              : Response 200 OK
2026-01-15T23:32:04.974793021Z 2026-01-15T23:32:04.974Z DEBUG 98 --- [auth-service] [reshExecutor-%d] o.s.web.client.RestTemplate              : Reading to [org.springframework.cloud.netflix.eureka.http.EurekaApplications]
